Arguments: 
  /Users/gracenhudachek/.nvm/versions/node/v12.16.1/bin/node /Users/gracenhudachek/.nvm/versions/node/v12.16.1/bin/yarn add react0slideshow-image

PATH: 
  /Users/gracenhudachek/.rbenv/shims:/Users/gracenhudachek/.rbenv/bin:/Users/gracenhudachek/.nvm/versions/node/v12.16.1/bin:/usr/local/bin:/usr/bin:/bin:/usr/sbin:/sbin

Yarn version: 
  1.22.10

Node version: 
  12.16.1

Platform: 
  darwin x64

Trace: 
  Error: https://registry.yarnpkg.com/react0slideshow-image: Not found
      at Request.params.callback [as _callback] (/Users/gracenhudachek/.nvm/versions/node/v12.16.1/lib/node_modules/yarn/lib/cli.js:66988:18)
      at Request.self.callback (/Users/gracenhudachek/.nvm/versions/node/v12.16.1/lib/node_modules/yarn/lib/cli.js:140662:22)
      at Request.emit (events.js:311:20)
      at Request.<anonymous> (/Users/gracenhudachek/.nvm/versions/node/v12.16.1/lib/node_modules/yarn/lib/cli.js:141634:10)
      at Request.emit (events.js:311:20)
      at IncomingMessage.<anonymous> (/Users/gracenhudachek/.nvm/versions/node/v12.16.1/lib/node_modules/yarn/lib/cli.js:141556:12)
      at Object.onceWrapper (events.js:417:28)
      at IncomingMessage.emit (events.js:323:22)
      at endReadableNT (_stream_readable.js:1204:12)
      at processTicksAndRejections (internal/process/task_queues.js:84:21)

npm manifest: 
  {
    "name": "car-app",
    "version": "1.0.0",
    "description": "## Overview An antique car shopping site! A seller can sign up/in and add a listing of their own antique cars. A seller can edit and delete their posted car listings. Anyone vistins the site can look through listings and grab a sellers contact info(email or phone- up to the seller to choose which is listed at sign up). Post MVP: users who choose to sign up can favorite listings.",
    "main": "index.js",
    "scripts": {
      "test": "echo \"Error: no test specified\" && exit 1",
      "start": "node server.js",
      "dev": "nodemon server.js"
    },
    "repository": {
      "type": "git",
      "url": "git+https://github.com/arbayer4/car-app.git"
    },
    "keywords": [],
    "author": "",
    "license": "ISC",
    "bugs": {
      "url": "https://github.com/arbayer4/car-app/issues"
    },
    "homepage": "https://github.com/arbayer4/car-app#readme",
    "dependencies": {
      "bcrypt": "^5.0.1",
      "body-parser": "^1.19.0",
      "cors": "^2.8.5",
      "express": "^4.17.1",
      "jsonwebtoken": "^8.5.1",
      "mongoose": "^5.11.19",
      "morgan": "^1.10.0",
      "react-router-dom": "^5.2.0",
      "react-slideshow-image": "^3.4.3"
    },
    "devDependencies": {
      "nodemon": "^2.0.7"
    }
  }

yarn manifest: 
  No manifest

Lockfile: 
  No lockfile
